[1mint.cpp:19:16: [0m[0;1;35mwarning: [0m[1mimplicit conversion from 'long' to 'int' changes value from 12345678901 to -539222987 [-Wconstant-conversion][0m
  int tooBig = 12345678901;
[0;1;32m      ~~~~~~   ^~~~~~~~~~~
[0m[1mint.cpp:24:20: [0m[0;1;35mwarning: [0m[1mimplicit conversion from 'long' to 'int' changes value from 2147483648 to -2147483648 [-Wconstant-conversion][0m
  int intMaxPlus = 2147483648;
[0;1;32m      ~~~~~~~~~~   ^~~~~~~~~~
[0m[1mint.cpp:13:28: [0m[0;1;35mwarning: [0m[1mvariable 'undefined' is uninitialized when used here [-Wuninitialized][0m
  cout << "undefined: " << undefined << endl;
[0;1;32m                           ^~~~~~~~~
[0m[1mint.cpp:11:16: [0m[0;1;30mnote: [0minitialize the variable 'undefined' to silence this warning[0m
  int undefined;
[0;1;32m               ^
[0m[0;32m                = 0
[0m[1mint.cpp:29:23: [0m[0;1;35mwarning: [0m[1mvariable 'b' is uninitialized when used here [-Wuninitialized][0m
  cout << a << ' ' << b << ' ' << c << ' ' << d << ' ' << e << endl;
[0;1;32m                      ^
[0m[1mint.cpp:28:15: [0m[0;1;30mnote: [0minitialize the variable 'b' to silence this warning[0m
  int a = 1, b, c = 2, d, e = 3;
[0;1;32m              ^
[0m[0;32m               = 0
[0m[1mint.cpp:29:47: [0m[0;1;35mwarning: [0m[1mvariable 'd' is uninitialized when used here [-Wuninitialized][0m
  cout << a << ' ' << b << ' ' << c << ' ' << d << ' ' << e << endl;
[0;1;32m                                              ^
[0m[1mint.cpp:28:25: [0m[0;1;30mnote: [0minitialize the variable 'd' to silence this warning[0m
  int a = 1, b, c = 2, d, e = 3;
[0;1;32m                        ^
[0m[0;32m                         = 0
[0m5 warnings generated.
